This is pdfTeX, Version 3.141592653-2.6-1.40.26 (TeX Live 2024) (preloaded format=pdflatex 2024.11.10)  31 JAN 2025 12:51
entering extended mode
 restricted \write18 enabled.
 file:line:error style messages enabled.
 %&-line parsing enabled.
**/Users/amerilain/Documents/ICT_docs/3rd_year/IoT_Project/Project_Repo/Documentation/Previous_Report/main.tex
(/Users/amerilain/Documents/ICT_docs/3rd_year/IoT_Project/Project_Repo/Documentation/Previous_Report/main.tex
LaTeX2e <2023-11-01> patch level 1
L3 programming layer <2024-02-20>
(/usr/local/texlive/2024/texmf-dist/tex/latex/base/article.cls
Document Class: article 2023/05/17 v1.4n Standard LaTeX document class
(/usr/local/texlive/2024/texmf-dist/tex/latex/base/size12.clo
File: size12.clo 2023/05/17 v1.4n Standard LaTeX file (size option)
)
\c@part=\count188
\c@section=\count189
\c@subsection=\count190
\c@subsubsection=\count191
\c@paragraph=\count192
\c@subparagraph=\count193
\c@figure=\count194
\c@table=\count195
\abovecaptionskip=\skip48
\belowcaptionskip=\skip49
\bibindent=\dimen140
) (/usr/local/texlive/2024/texmf-dist/tex/latex/base/inputenc.sty
Package: inputenc 2021/02/14 v1.3d Input encoding file
\inpenc@prehook=\toks17
\inpenc@posthook=\toks18
) (/usr/local/texlive/2024/texmf-dist/tex/latex/graphics/graphicx.sty
Package: graphicx 2021/09/16 v1.2d Enhanced LaTeX Graphics (DPC,SPQR)
 (/usr/local/texlive/2024/texmf-dist/tex/latex/graphics/keyval.sty
Package: keyval 2022/05/29 v1.15 key=value parser (DPC)
\KV@toks@=\toks19
) (/usr/local/texlive/2024/texmf-dist/tex/latex/graphics/graphics.sty
Package: graphics 2022/03/10 v1.4e Standard LaTeX Graphics (DPC,SPQR)
 (/usr/local/texlive/2024/texmf-dist/tex/latex/graphics/trig.sty
Package: trig 2021/08/11 v1.11 sin cos tan (DPC)
) (/usr/local/texlive/2024/texmf-dist/tex/latex/graphics-cfg/graphics.cfg
File: graphics.cfg 2016/06/04 v1.11 sample graphics configuration
)
Package graphics Info: Driver file: pdftex.def on input line 107.
 (/usr/local/texlive/2024/texmf-dist/tex/latex/graphics-def/pdftex.def
File: pdftex.def 2022/09/22 v1.2b Graphics/color driver for pdftex
))
\Gin@req@height=\dimen141
\Gin@req@width=\dimen142
) (/usr/local/texlive/2024/texmf-dist/tex/latex/hyperref/hyperref.sty
Package: hyperref 2024-01-20 v7.01h Hypertext links for LaTeX
 (/usr/local/texlive/2024/texmf-dist/tex/generic/iftex/iftex.sty
Package: iftex 2022/02/03 v1.0f TeX engine tests
) (/usr/local/texlive/2024/texmf-dist/tex/latex/kvsetkeys/kvsetkeys.sty
Package: kvsetkeys 2022-10-05 v1.19 Key value parser (HO)
) (/usr/local/texlive/2024/texmf-dist/tex/generic/kvdefinekeys/kvdefinekeys.sty
Package: kvdefinekeys 2019-12-19 v1.6 Define keys (HO)
) (/usr/local/texlive/2024/texmf-dist/tex/generic/pdfescape/pdfescape.sty
Package: pdfescape 2019/12/09 v1.15 Implements pdfTeX's escape features (HO)
 (/usr/local/texlive/2024/texmf-dist/tex/generic/ltxcmds/ltxcmds.sty
Package: ltxcmds 2023-12-04 v1.26 LaTeX kernel commands for general use (HO)
) (/usr/local/texlive/2024/texmf-dist/tex/generic/pdftexcmds/pdftexcmds.sty
Package: pdftexcmds 2020-06-27 v0.33 Utility functions of pdfTeX for LuaTeX (HO)
 (/usr/local/texlive/2024/texmf-dist/tex/generic/infwarerr/infwarerr.sty
Package: infwarerr 2019/12/03 v1.5 Providing info/warning/error messages (HO)
)
Package pdftexcmds Info: \pdf@primitive is available.
Package pdftexcmds Info: \pdf@ifprimitive is available.
Package pdftexcmds Info: \pdfdraftmode found.
)) (/usr/local/texlive/2024/texmf-dist/tex/latex/hycolor/hycolor.sty
Package: hycolor 2020-01-27 v1.10 Color options for hyperref/bookmark (HO)
) (/usr/local/texlive/2024/texmf-dist/tex/latex/auxhook/auxhook.sty
Package: auxhook 2019-12-17 v1.6 Hooks for auxiliary files (HO)
) (/usr/local/texlive/2024/texmf-dist/tex/latex/hyperref/nameref.sty
Package: nameref 2023-11-26 v2.56 Cross-referencing by name of section
 (/usr/local/texlive/2024/texmf-dist/tex/latex/refcount/refcount.sty
Package: refcount 2019/12/15 v3.6 Data extraction from label references (HO)
) (/usr/local/texlive/2024/texmf-dist/tex/generic/gettitlestring/gettitlestring.sty
Package: gettitlestring 2019/12/15 v1.6 Cleanup title references (HO)
 (/usr/local/texlive/2024/texmf-dist/tex/latex/kvoptions/kvoptions.sty
Package: kvoptions 2022-06-15 v3.15 Key value format for package options (HO)
))
\c@section@level=\count196
) (/usr/local/texlive/2024/texmf-dist/tex/latex/etoolbox/etoolbox.sty
Package: etoolbox 2020/10/05 v2.5k e-TeX tools for LaTeX (JAW)
\etb@tempcnta=\count197
)
\@linkdim=\dimen143
\Hy@linkcounter=\count198
\Hy@pagecounter=\count199
 (/usr/local/texlive/2024/texmf-dist/tex/latex/hyperref/pd1enc.def
File: pd1enc.def 2024-01-20 v7.01h Hyperref: PDFDocEncoding definition (HO)
Now handling font encoding PD1 ...
... no UTF-8 mapping file for font encoding PD1
) (/usr/local/texlive/2024/texmf-dist/tex/generic/intcalc/intcalc.sty
Package: intcalc 2019/12/15 v1.3 Expandable calculations with integers (HO)
)
\Hy@SavedSpaceFactor=\count266
 (/usr/local/texlive/2024/texmf-dist/tex/latex/hyperref/puenc.def
File: puenc.def 2024-01-20 v7.01h Hyperref: PDF Unicode definition (HO)
Now handling font encoding PU ...
... no UTF-8 mapping file for font encoding PU
)
Package hyperref Info: Hyper figures OFF on input line 4179.
Package hyperref Info: Link nesting OFF on input line 4184.
Package hyperref Info: Hyper index ON on input line 4187.
Package hyperref Info: Plain pages OFF on input line 4194.
Package hyperref Info: Backreferencing OFF on input line 4199.
Package hyperref Info: Implicit mode ON; LaTeX internals redefined.
Package hyperref Info: Bookmarks ON on input line 4446.
\c@Hy@tempcnt=\count267
 (/usr/local/texlive/2024/texmf-dist/tex/latex/url/url.sty
\Urlmuskip=\muskip16
Package: url 2013/09/16  ver 3.4  Verb mode for urls, etc.
)
LaTeX Info: Redefining \url on input line 4784.
\XeTeXLinkMargin=\dimen144
 (/usr/local/texlive/2024/texmf-dist/tex/generic/bitset/bitset.sty
Package: bitset 2019/12/09 v1.3 Handle bit-vector datatype (HO)
 (/usr/local/texlive/2024/texmf-dist/tex/generic/bigintcalc/bigintcalc.sty
Package: bigintcalc 2019/12/15 v1.5 Expandable calculations on big integers (HO)
))
\Fld@menulength=\count268
\Field@Width=\dimen145
\Fld@charsize=\dimen146
Package hyperref Info: Hyper figures OFF on input line 6063.
Package hyperref Info: Link nesting OFF on input line 6068.
Package hyperref Info: Hyper index ON on input line 6071.
Package hyperref Info: backreferencing OFF on input line 6078.
Package hyperref Info: Link coloring OFF on input line 6083.
Package hyperref Info: Link coloring with OCG OFF on input line 6088.
Package hyperref Info: PDF/A mode OFF on input line 6093.
 (/usr/local/texlive/2024/texmf-dist/tex/latex/base/atbegshi-ltx.sty
Package: atbegshi-ltx 2021/01/10 v1.0c Emulation of the original atbegshi
package with kernel methods
)
\Hy@abspage=\count269
\c@Item=\count270
\c@Hfootnote=\count271
)
Package hyperref Info: Driver (autodetected): hpdftex.
 (/usr/local/texlive/2024/texmf-dist/tex/latex/hyperref/hpdftex.def
File: hpdftex.def 2024-01-20 v7.01h Hyperref driver for pdfTeX
 (/usr/local/texlive/2024/texmf-dist/tex/latex/base/atveryend-ltx.sty
Package: atveryend-ltx 2020/08/19 v1.0a Emulation of the original atveryend package
with kernel methods
)
\Fld@listcount=\count272
\c@bookmark@seq@number=\count273
 (/usr/local/texlive/2024/texmf-dist/tex/latex/rerunfilecheck/rerunfilecheck.sty
Package: rerunfilecheck 2022-07-10 v1.10 Rerun checks for auxiliary files (HO)
 (/usr/local/texlive/2024/texmf-dist/tex/generic/uniquecounter/uniquecounter.sty
Package: uniquecounter 2019/12/15 v1.4 Provide unlimited unique counter (HO)
)
Package uniquecounter Info: New unique counter `rerunfilecheck' on input line 285.
)
\Hy@SectionHShift=\skip50
) (/usr/local/texlive/2024/texmf-dist/tex/latex/amsmath/amsmath.sty
Package: amsmath 2023/05/13 v2.17o AMS math features
\@mathmargin=\skip51

For additional information on amsmath, use the `?' option.
(/usr/local/texlive/2024/texmf-dist/tex/latex/amsmath/amstext.sty
Package: amstext 2021/08/26 v2.01 AMS text
 (/usr/local/texlive/2024/texmf-dist/tex/latex/amsmath/amsgen.sty
File: amsgen.sty 1999/11/30 v2.0 generic functions
\@emptytoks=\toks20
\ex@=\dimen147
)) (/usr/local/texlive/2024/texmf-dist/tex/latex/amsmath/amsbsy.sty
Package: amsbsy 1999/11/29 v1.2d Bold Symbols
\pmbraise@=\dimen148
) (/usr/local/texlive/2024/texmf-dist/tex/latex/amsmath/amsopn.sty
Package: amsopn 2022/04/08 v2.04 operator names
)
\inf@bad=\count274
LaTeX Info: Redefining \frac on input line 234.
\uproot@=\count275
\leftroot@=\count276
LaTeX Info: Redefining \overline on input line 399.
LaTeX Info: Redefining \colon on input line 410.
\classnum@=\count277
\DOTSCASE@=\count278
LaTeX Info: Redefining \ldots on input line 496.
LaTeX Info: Redefining \dots on input line 499.
LaTeX Info: Redefining \cdots on input line 620.
\Mathstrutbox@=\box51
\strutbox@=\box52
LaTeX Info: Redefining \big on input line 722.
LaTeX Info: Redefining \Big on input line 723.
LaTeX Info: Redefining \bigg on input line 724.
LaTeX Info: Redefining \Bigg on input line 725.
\big@size=\dimen149
LaTeX Font Info:    Redeclaring font encoding OML on input line 743.
LaTeX Font Info:    Redeclaring font encoding OMS on input line 744.
\macc@depth=\count279
LaTeX Info: Redefining \bmod on input line 905.
LaTeX Info: Redefining \pmod on input line 910.
LaTeX Info: Redefining \smash on input line 940.
LaTeX Info: Redefining \relbar on input line 970.
LaTeX Info: Redefining \Relbar on input line 971.
\c@MaxMatrixCols=\count280
\dotsspace@=\muskip17
\c@parentequation=\count281
\dspbrk@lvl=\count282
\tag@help=\toks21
\row@=\count283
\column@=\count284
\maxfields@=\count285
\andhelp@=\toks22
\eqnshift@=\dimen150
\alignsep@=\dimen151
\tagshift@=\dimen152
\tagwidth@=\dimen153
\totwidth@=\dimen154
\lineht@=\dimen155
\@envbody=\toks23
\multlinegap=\skip52
\multlinetaggap=\skip53
\mathdisplay@stack=\toks24
LaTeX Info: Redefining \[ on input line 2953.
LaTeX Info: Redefining \] on input line 2954.
) (/usr/local/texlive/2024/texmf-dist/tex/latex/geometry/geometry.sty
Package: geometry 2020/01/02 v5.9 Page Geometry
 (/usr/local/texlive/2024/texmf-dist/tex/generic/iftex/ifvtex.sty
Package: ifvtex 2019/10/25 v1.7 ifvtex legacy package. Use iftex instead.
)
\Gm@cnth=\count286
\Gm@cntv=\count287
\c@Gm@tempcnt=\count288
\Gm@bindingoffset=\dimen156
\Gm@wd@mp=\dimen157
\Gm@odd@mp=\dimen158
\Gm@even@mp=\dimen159
\Gm@layoutwidth=\dimen160
\Gm@layoutheight=\dimen161
\Gm@layouthoffset=\dimen162
\Gm@layoutvoffset=\dimen163
\Gm@dimlist=\toks25
) (/usr/local/texlive/2024/texmf-dist/tex/latex/fancyhdr/fancyhdr.sty
Package: fancyhdr 2022/11/09 v4.1 Extensive control of page headers and footers
\f@nch@headwidth=\skip54
\f@nch@O@elh=\skip55
\f@nch@O@erh=\skip56
\f@nch@O@olh=\skip57
\f@nch@O@orh=\skip58
\f@nch@O@elf=\skip59
\f@nch@O@erf=\skip60
\f@nch@O@olf=\skip61
\f@nch@O@orf=\skip62
) (/usr/local/texlive/2024/texmf-dist/tex/latex/l3backend/l3backend-pdftex.def
File: l3backend-pdftex.def 2024-02-20 L3 backend support: PDF output (pdfTeX)
\l__color_backend_stack_int=\count289
\l__pdf_internal_box=\box53
) (./main.aux

LaTeX Warning: Label `tab:rohm_bd9g341aefj_lbe2' multiply defined.

)
\openout1 = `main.aux'.

LaTeX Font Info:    Checking defaults for OML/cmm/m/it on input line 22.
LaTeX Font Info:    ... okay on input line 22.
LaTeX Font Info:    Checking defaults for OMS/cmsy/m/n on input line 22.
LaTeX Font Info:    ... okay on input line 22.
LaTeX Font Info:    Checking defaults for OT1/cmr/m/n on input line 22.
LaTeX Font Info:    ... okay on input line 22.
LaTeX Font Info:    Checking defaults for T1/cmr/m/n on input line 22.
LaTeX Font Info:    ... okay on input line 22.
LaTeX Font Info:    Checking defaults for TS1/cmr/m/n on input line 22.
LaTeX Font Info:    ... okay on input line 22.
LaTeX Font Info:    Checking defaults for OMX/cmex/m/n on input line 22.
LaTeX Font Info:    ... okay on input line 22.
LaTeX Font Info:    Checking defaults for U/cmr/m/n on input line 22.
LaTeX Font Info:    ... okay on input line 22.
LaTeX Font Info:    Checking defaults for PD1/pdf/m/n on input line 22.
LaTeX Font Info:    ... okay on input line 22.
LaTeX Font Info:    Checking defaults for PU/pdf/m/n on input line 22.
LaTeX Font Info:    ... okay on input line 22.
 (/usr/local/texlive/2024/texmf-dist/tex/context/base/mkii/supp-pdf.mkii
[Loading MPS to PDF converter (version 2006.09.02).]
\scratchcounter=\count290
\scratchdimen=\dimen164
\scratchbox=\box54
\nofMPsegments=\count291
\nofMParguments=\count292
\everyMPshowfont=\toks26
\MPscratchCnt=\count293
\MPscratchDim=\dimen165
\MPnumerator=\count294
\makeMPintoPDFobject=\count295
\everyMPtoPDFconversion=\toks27
) (/usr/local/texlive/2024/texmf-dist/tex/latex/epstopdf-pkg/epstopdf-base.sty
Package: epstopdf-base 2020-01-24 v2.11 Base part for package epstopdf
Package epstopdf-base Info: Redefining graphics rule for `.eps' on input line 485.
 (/usr/local/texlive/2024/texmf-dist/tex/latex/latexconfig/epstopdf-sys.cfg
File: epstopdf-sys.cfg 2010/07/13 v1.3 Configuration of (r)epstopdf for TeX Live
))
Package hyperref Info: Link coloring OFF on input line 22.
 (./main.out) (./main.out)
\@outlinefile=\write3
\openout3 = `main.out'.


*geometry* driver: auto-detecting
*geometry* detected driver: pdftex
*geometry* verbose mode - [ preamble ] result:
* driver: pdftex
* paper: a4paper
* layout: <same size as paper>
* layoutoffset:(h,v)=(0.0pt,0.0pt)
* modes: 
* h-part:(L,W,R)=(72.26999pt, 452.9679pt, 72.26999pt)
* v-part:(T,H,B)=(72.26999pt, 700.50687pt, 72.26999pt)
* \paperwidth=597.50787pt
* \paperheight=845.04684pt
* \textwidth=452.9679pt
* \textheight=700.50687pt
* \oddsidemargin=0.0pt
* \evensidemargin=0.0pt
* \topmargin=-37.0pt
* \headheight=12.0pt
* \headsep=25.0pt
* \topskip=12.0pt
* \footskip=30.0pt
* \marginparwidth=35.0pt
* \marginparsep=10.0pt
* \columnsep=10.0pt
* \skip\footins=10.8pt plus 4.0pt minus 2.0pt
* \hoffset=0.0pt
* \voffset=0.0pt
* \mag=1000
* \@twocolumnfalse
* \@twosidefalse
* \@mparswitchfalse
* \@reversemarginfalse
* (1in=72.27pt=25.4mm, 1cm=28.453pt)

<images/Metropolia_Logo.jpeg, id=144, 1445.4pt x 1445.4pt>
File: images/Metropolia_Logo.jpeg Graphic file (type jpg)
<use images/Metropolia_Logo.jpeg>
Package pdftex.def Info: images/Metropolia_Logo.jpeg  used on input line 28.
(pdftex.def)             Requested size: 135.89174pt x 135.88084pt.
[1

{/usr/local/texlive/2024/texmf-var/fonts/map/pdftex/updmap/pdftex.map} <./images/Metropolia_Logo.jpeg>]

Package fancyhdr Warning: \headheight is too small (12.0pt): 
(fancyhdr)                Make it at least 14.49998pt, for example:
(fancyhdr)                \setlength{\headheight}{14.49998pt}.
(fancyhdr)                You might also make \topmargin smaller to compensate:
(fancyhdr)                \addtolength{\topmargin}{-2.49998pt}.

File: images/Metropolia_Logo.jpeg Graphic file (type jpg)
<use images/Metropolia_Logo.jpeg>
Package pdftex.def Info: images/Metropolia_Logo.jpeg  used on input line 44.
(pdftex.def)             Requested size: 56.9055pt x 56.90189pt.

Package fancyhdr Warning: \footskip is too small (30.0pt): 
(fancyhdr)                Make it at least 61.25192pt, for example:
(fancyhdr)                \setlength{\footskip}{61.25192pt}.


pdfTeX warning (ext4): destination with the same identifier (name{page.1}) has been already used, duplicate ignored
<to be read again> 
                   \relax 
l.44 \newpage
              [1] (./main.toc

Package fancyhdr Warning: \headheight is too small (12.0pt): 
(fancyhdr)                Make it at least 14.49998pt, for example:
(fancyhdr)                \setlength{\headheight}{14.49998pt}.
(fancyhdr)                You might also make \topmargin smaller to compensate:
(fancyhdr)                \addtolength{\topmargin}{-2.49998pt}.

File: images/Metropolia_Logo.jpeg Graphic file (type jpg)
<use images/Metropolia_Logo.jpeg>
Package pdftex.def Info: images/Metropolia_Logo.jpeg  used on input line 32.
(pdftex.def)             Requested size: 56.9055pt x 56.90189pt.

Package fancyhdr Warning: \footskip is too small (30.0pt): 
(fancyhdr)                Make it at least 61.25192pt, for example:
(fancyhdr)                \setlength{\footskip}{61.25192pt}.

[2])
\tf@toc=\write4
\openout4 = `main.toc'.



Package fancyhdr Warning: \headheight is too small (12.0pt): 
(fancyhdr)                Make it at least 14.49998pt, for example:
(fancyhdr)                \setlength{\headheight}{14.49998pt}.
(fancyhdr)                You might also make \topmargin smaller to compensate:
(fancyhdr)                \addtolength{\topmargin}{-2.49998pt}.

File: images/Metropolia_Logo.jpeg Graphic file (type jpg)
<use images/Metropolia_Logo.jpeg>
Package pdftex.def Info: images/Metropolia_Logo.jpeg  used on input line 46.
(pdftex.def)             Requested size: 56.9055pt x 56.90189pt.

Package fancyhdr Warning: \footskip is too small (30.0pt): 
(fancyhdr)                Make it at least 61.25192pt, for example:
(fancyhdr)                \setlength{\footskip}{61.25192pt}.

[3]
Overfull \hbox (8.81027pt too wide) in paragraph at lines 51--52
\OT1/cmr/m/n/12 an In-ter-net con-nected de-vice. In this course, stu-dents de-sign an IoT prod-uct/system/'thing'
 []


Package fancyhdr Warning: \headheight is too small (12.0pt): 
(fancyhdr)                Make it at least 14.49998pt, for example:
(fancyhdr)                \setlength{\headheight}{14.49998pt}.
(fancyhdr)                You might also make \topmargin smaller to compensate:
(fancyhdr)                \addtolength{\topmargin}{-2.49998pt}.

File: images/Metropolia_Logo.jpeg Graphic file (type jpg)
<use images/Metropolia_Logo.jpeg>
Package pdftex.def Info: images/Metropolia_Logo.jpeg  used on input line 67.
(pdftex.def)             Requested size: 56.9055pt x 56.90189pt.

Package fancyhdr Warning: \footskip is too small (30.0pt): 
(fancyhdr)                Make it at least 61.25192pt, for example:
(fancyhdr)                \setlength{\footskip}{61.25192pt}.

[4{/usr/local/texlive/2024/texmf-dist/fonts/enc/dvips/cm-super/cm-super-ts1.enc}]
<images/birdhouse_drawing.png, id=210, 241.90375pt x 190.7125pt>
File: images/birdhouse_drawing.png Graphic file (type png)
<use images/birdhouse_drawing.png>
Package pdftex.def Info: images/birdhouse_drawing.png  used on input line 79.
(pdftex.def)             Requested size: 241.90315pt x 190.71202pt.


Package fancyhdr Warning: \headheight is too small (12.0pt): 
(fancyhdr)                Make it at least 14.49998pt, for example:
(fancyhdr)                \setlength{\headheight}{14.49998pt}.
(fancyhdr)                You might also make \topmargin smaller to compensate:
(fancyhdr)                \addtolength{\topmargin}{-2.49998pt}.

File: images/Metropolia_Logo.jpeg Graphic file (type jpg)
<use images/Metropolia_Logo.jpeg>
Package pdftex.def Info: images/Metropolia_Logo.jpeg  used on input line 85.
(pdftex.def)             Requested size: 56.9055pt x 56.90189pt.

Package fancyhdr Warning: \footskip is too small (30.0pt): 
(fancyhdr)                Make it at least 61.25192pt, for example:
(fancyhdr)                \setlength{\footskip}{61.25192pt}.

[5 <./images/birdhouse_drawing.png>]
Underfull \hbox (badness 5878) in paragraph at lines 110--110
[]\OT1/cmr/m/n/12 Prevent In-tel-li-gent pest
 []


Underfull \hbox (badness 10000) in paragraph at lines 121--121
[]\OT1/cmr/m/n/12 Weather/Temperature
 []


LaTeX Warning: `h' float specifier changed to `ht'.


LaTeX Warning: `h' float specifier changed to `ht'.


Package fancyhdr Warning: \headheight is too small (12.0pt): 
(fancyhdr)                Make it at least 14.49998pt, for example:
(fancyhdr)                \setlength{\headheight}{14.49998pt}.
(fancyhdr)                You might also make \topmargin smaller to compensate:
(fancyhdr)                \addtolength{\topmargin}{-2.49998pt}.

File: images/Metropolia_Logo.jpeg Graphic file (type jpg)
<use images/Metropolia_Logo.jpeg>
Package pdftex.def Info: images/Metropolia_Logo.jpeg  used on input line 151.
(pdftex.def)             Requested size: 56.9055pt x 56.90189pt.

Package fancyhdr Warning: \footskip is too small (30.0pt): 
(fancyhdr)                Make it at least 61.25192pt, for example:
(fancyhdr)                \setlength{\footskip}{61.25192pt}.

[6]

Package fancyhdr Warning: \headheight is too small (12.0pt): 
(fancyhdr)                Make it at least 14.49998pt, for example:
(fancyhdr)                \setlength{\headheight}{14.49998pt}.
(fancyhdr)                You might also make \topmargin smaller to compensate:
(fancyhdr)                \addtolength{\topmargin}{-2.49998pt}.

File: images/Metropolia_Logo.jpeg Graphic file (type jpg)
<use images/Metropolia_Logo.jpeg>
Package pdftex.def Info: images/Metropolia_Logo.jpeg  used on input line 156.
(pdftex.def)             Requested size: 56.9055pt x 56.90189pt.

Package fancyhdr Warning: \footskip is too small (30.0pt): 
(fancyhdr)                Make it at least 61.25192pt, for example:
(fancyhdr)                \setlength{\footskip}{61.25192pt}.

[7]
<images/MCU.png, id=235, 861.2175pt x 427.5975pt>
File: images/MCU.png Graphic file (type png)
<use images/MCU.png>
Package pdftex.def Info: images/MCU.png  used on input line 161.
(pdftex.def)             Requested size: 226.48395pt x 112.45154pt.


Package fancyhdr Warning: \headheight is too small (12.0pt): 
(fancyhdr)                Make it at least 14.49998pt, for example:
(fancyhdr)                \setlength{\headheight}{14.49998pt}.
(fancyhdr)                You might also make \topmargin smaller to compensate:
(fancyhdr)                \addtolength{\topmargin}{-2.49998pt}.

File: images/Metropolia_Logo.jpeg Graphic file (type jpg)
<use images/Metropolia_Logo.jpeg>
Package pdftex.def Info: images/Metropolia_Logo.jpeg  used on input line 190.
(pdftex.def)             Requested size: 56.9055pt x 56.90189pt.

Package fancyhdr Warning: \footskip is too small (30.0pt): 
(fancyhdr)                Make it at least 61.25192pt, for example:
(fancyhdr)                \setlength{\footskip}{61.25192pt}.

[8 <./images/MCU.png>]
<images/Microswitch.png, id=245, 150.5625pt x 183.68625pt>
File: images/Microswitch.png Graphic file (type png)
<use images/Microswitch.png>
Package pdftex.def Info: images/Microswitch.png  used on input line 194.
(pdftex.def)             Requested size: 113.24197pt x 138.15952pt.


LaTeX Warning: `h' float specifier changed to `ht'.

<images/TOF_CH101_b.png, id=247, 138.5175pt x 113.42375pt>
File: images/TOF_CH101_b.png Graphic file (type png)
<use images/TOF_CH101_b.png>
Package pdftex.def Info: images/TOF_CH101_b.png  used on input line 224.
(pdftex.def)             Requested size: 113.24197pt x 92.72769pt.

LaTeX Warning: `h' float specifier changed to `ht'.


Package fancyhdr Warning: \headheight is too small (12.0pt): 
(fancyhdr)                Make it at least 14.49998pt, for example:
(fancyhdr)                \setlength{\headheight}{14.49998pt}.
(fancyhdr)                You might also make \topmargin smaller to compensate:
(fancyhdr)                \addtolength{\topmargin}{-2.49998pt}.

File: images/Metropolia_Logo.jpeg Graphic file (type jpg)
<use images/Metropolia_Logo.jpeg>
Package pdftex.def Info: images/Metropolia_Logo.jpeg  used on input line 228.
(pdftex.def)             Requested size: 56.9055pt x 56.90189pt.

Package fancyhdr Warning: \footskip is too small (30.0pt): 
(fancyhdr)                Make it at least 61.25192pt, for example:
(fancyhdr)                \setlength{\footskip}{61.25192pt}.

[9 <./images/Microswitch.png>]

Package fancyhdr Warning: \headheight is too small (12.0pt): 
(fancyhdr)                Make it at least 14.49998pt, for example:
(fancyhdr)                \setlength{\headheight}{14.49998pt}.
(fancyhdr)                You might also make \topmargin smaller to compensate:
(fancyhdr)                \addtolength{\topmargin}{-2.49998pt}.

File: images/Metropolia_Logo.jpeg Graphic file (type jpg)
<use images/Metropolia_Logo.jpeg>
Package pdftex.def Info: images/Metropolia_Logo.jpeg  used on input line 250.
(pdftex.def)             Requested size: 56.9055pt x 56.90189pt.

Package fancyhdr Warning: \footskip is too small (30.0pt): 
(fancyhdr)                Make it at least 61.25192pt, for example:
(fancyhdr)                \setlength{\footskip}{61.25192pt}.

[10 <./images/TOF_CH101_b.png>]
<images/Actuator.png, id=265, 289.08pt x 151.56625pt>
File: images/Actuator.png Graphic file (type png)
<use images/Actuator.png>
Package pdftex.def Info: images/Actuator.png  used on input line 257.
(pdftex.def)             Requested size: 181.18439pt x 94.99463pt.

Overfull \hbox (26.7357pt too wide) in paragraph at lines 279--280
[]\OT1/cmr/m/n/12 For our Wire-less Com-mu-ni-ca-tion Mod-ule, we se-lected the ``RF SO-LU-TIONS - LAMBDA68-
 []


Package fancyhdr Warning: \headheight is too small (12.0pt): 
(fancyhdr)                Make it at least 14.49998pt, for example:
(fancyhdr)                \setlength{\headheight}{14.49998pt}.
(fancyhdr)                You might also make \topmargin smaller to compensate:
(fancyhdr)                \addtolength{\topmargin}{-2.49998pt}.

File: images/Metropolia_Logo.jpeg Graphic file (type jpg)
<use images/Metropolia_Logo.jpeg>
Package pdftex.def Info: images/Metropolia_Logo.jpeg  used on input line 281.
(pdftex.def)             Requested size: 56.9055pt x 56.90189pt.

Package fancyhdr Warning: \footskip is too small (30.0pt): 
(fancyhdr)                Make it at least 61.25192pt, for example:
(fancyhdr)                \setlength{\footskip}{61.25192pt}.

[11 <./images/Actuator.png>]
<images/LoRa.png, id=275, 345.29pt x 220.825pt>
File: images/LoRa.png Graphic file (type png)
<use images/LoRa.png>
Package pdftex.def Info: images/LoRa.png  used on input line 307.
(pdftex.def)             Requested size: 226.48395pt x 144.84528pt.


LaTeX Warning: `h' float specifier changed to `ht'.


Package fancyhdr Warning: \headheight is too small (12.0pt): 
(fancyhdr)                Make it at least 14.49998pt, for example:
(fancyhdr)                \setlength{\headheight}{14.49998pt}.
(fancyhdr)                You might also make \topmargin smaller to compensate:
(fancyhdr)                \addtolength{\topmargin}{-2.49998pt}.

File: images/Metropolia_Logo.jpeg Graphic file (type jpg)
<use images/Metropolia_Logo.jpeg>
Package pdftex.def Info: images/Metropolia_Logo.jpeg  used on input line 336.
(pdftex.def)             Requested size: 56.9055pt x 56.90189pt.

Package fancyhdr Warning: \footskip is too small (30.0pt): 
(fancyhdr)                Make it at least 61.25192pt, for example:
(fancyhdr)                \setlength{\footskip}{61.25192pt}.

[12 <./images/LoRa.png>]
<images/Voltage_Reg.png, id=286, 358.33875pt x 321.2pt>
File: images/Voltage_Reg.png Graphic file (type png)
<use images/Voltage_Reg.png>
Package pdftex.def Info: images/Voltage_Reg.png  used on input line 342.
(pdftex.def)             Requested size: 181.18439pt x 162.40811pt.


LaTeX Warning: `h' float specifier changed to `ht'.

<images/MOSFET.png, id=288, 452.69125pt x 358.33875pt>
File: images/MOSFET.png Graphic file (type png)
<use images/MOSFET.png>
Package pdftex.def Info: images/MOSFET.png  used on input line 364.
(pdftex.def)             Requested size: 113.24197pt x 89.63914pt.

LaTeX Warning: `h' float specifier changed to `ht'.


Package fancyhdr Warning: \headheight is too small (12.0pt): 
(fancyhdr)                Make it at least 14.49998pt, for example:
(fancyhdr)                \setlength{\headheight}{14.49998pt}.
(fancyhdr)                You might also make \topmargin smaller to compensate:
(fancyhdr)                \addtolength{\topmargin}{-2.49998pt}.

File: images/Metropolia_Logo.jpeg Graphic file (type jpg)
<use images/Metropolia_Logo.jpeg>
Package pdftex.def Info: images/Metropolia_Logo.jpeg  used on input line 368.
(pdftex.def)             Requested size: 56.9055pt x 56.90189pt.

Package fancyhdr Warning: \footskip is too small (30.0pt): 
(fancyhdr)                Make it at least 61.25192pt, for example:
(fancyhdr)                \setlength{\footskip}{61.25192pt}.

[13 <./images/Voltage_Reg.png>]
Overfull \hbox (6.66911pt too wide) in paragraph at lines 389--406
 [][] 
 []


Package fancyhdr Warning: \headheight is too small (12.0pt): 
(fancyhdr)                Make it at least 14.49998pt, for example:
(fancyhdr)                \setlength{\headheight}{14.49998pt}.
(fancyhdr)                You might also make \topmargin smaller to compensate:
(fancyhdr)                \addtolength{\topmargin}{-2.49998pt}.

File: images/Metropolia_Logo.jpeg Graphic file (type jpg)
<use images/Metropolia_Logo.jpeg>
Package pdftex.def Info: images/Metropolia_Logo.jpeg  used on input line 409.
(pdftex.def)             Requested size: 56.9055pt x 56.90189pt.

Package fancyhdr Warning: \footskip is too small (30.0pt): 
(fancyhdr)                Make it at least 61.25192pt, for example:
(fancyhdr)                \setlength{\footskip}{61.25192pt}.

[14 <./images/MOSFET.png>]

Package fancyhdr Warning: \headheight is too small (12.0pt): 
(fancyhdr)                Make it at least 14.49998pt, for example:
(fancyhdr)                \setlength{\headheight}{14.49998pt}.
(fancyhdr)                You might also make \topmargin smaller to compensate:
(fancyhdr)                \addtolength{\topmargin}{-2.49998pt}.

File: images/Metropolia_Logo.jpeg Graphic file (type jpg)
<use images/Metropolia_Logo.jpeg>
Package pdftex.def Info: images/Metropolia_Logo.jpeg  used on input line 424.
(pdftex.def)             Requested size: 56.9055pt x 56.90189pt.

Package fancyhdr Warning: \footskip is too small (30.0pt): 
(fancyhdr)                Make it at least 61.25192pt, for example:
(fancyhdr)                \setlength{\footskip}{61.25192pt}.

[15]
<images/Block_Diagram.png, id=315, 1155.31625pt x 414.54875pt>
File: images/Block_Diagram.png Graphic file (type png)
<use images/Block_Diagram.png>
Package pdftex.def Info: images/Block_Diagram.png  used on input line 433.
(pdftex.def)             Requested size: 452.9679pt x 162.5273pt.


Package fancyhdr Warning: \headheight is too small (12.0pt): 
(fancyhdr)                Make it at least 14.49998pt, for example:
(fancyhdr)                \setlength{\headheight}{14.49998pt}.
(fancyhdr)                You might also make \topmargin smaller to compensate:
(fancyhdr)                \addtolength{\topmargin}{-2.49998pt}.

File: images/Metropolia_Logo.jpeg Graphic file (type jpg)
<use images/Metropolia_Logo.jpeg>
Package pdftex.def Info: images/Metropolia_Logo.jpeg  used on input line 445.
(pdftex.def)             Requested size: 56.9055pt x 56.90189pt.

Package fancyhdr Warning: \footskip is too small (30.0pt): 
(fancyhdr)                Make it at least 61.25192pt, for example:
(fancyhdr)                \setlength{\footskip}{61.25192pt}.

[16 <./images/Block_Diagram.png>]

LaTeX Warning: Citation `.' on page 17 undefined on input line 446.

<images/BirdFeeder_Schematics.png, id=323, 1253.68375pt x 869.2475pt>
File: images/BirdFeeder_Schematics.png Graphic file (type png)
<use images/BirdFeeder_Schematics.png>
Package pdftex.def Info: images/BirdFeeder_Schematics.png  used on input line 455.
(pdftex.def)             Requested size: 339.72592pt x 235.54883pt.
<images/MCU_Schematics.png, id=324, 974.64125pt x 690.58pt>
File: images/MCU_Schematics.png Graphic file (type png)
<use images/MCU_Schematics.png>
Package pdftex.def Info: images/MCU_Schematics.png  used on input line 460.
(pdftex.def)             Requested size: 339.72592pt x 240.70557pt.
<images/Solenoid_12VPower_VReg_Schematics.png, id=325, 697.60625pt x 237.88875pt>
File: images/Solenoid_12VPower_VReg_Schematics.png Graphic file (type png)
<use images/Solenoid_12VPower_VReg_Schematics.png>
Package pdftex.def Info: images/Solenoid_12VPower_VReg_Schematics.png  used on input line 465.
(pdftex.def)             Requested size: 339.72592pt x 115.84778pt.
<images/Switch_schematics.png, id=326, 1040.88875pt x 495.8525pt>
File: images/Switch_schematics.png Graphic file (type png)
<use images/Switch_schematics.png>
Package pdftex.def Info: images/Switch_schematics.png  used on input line 470.
(pdftex.def)             Requested size: 339.72592pt x 161.8311pt.

LaTeX Warning: `h' float specifier changed to `ht'.


LaTeX Warning: `h' float specifier changed to `ht'.


LaTeX Warning: `h' float specifier changed to `ht'.

<images/PCB_3D.png, id=327, 682.55pt x 400.49625pt>
File: images/PCB_3D.png Graphic file (type png)
<use images/PCB_3D.png>
Package pdftex.def Info: images/PCB_3D.png  used on input line 477.
(pdftex.def)             Requested size: 339.72592pt x 199.34319pt.
<images/PCB_Footprint.png, id=328, 1062.97125pt x 550.055pt>
File: images/PCB_Footprint.png Graphic file (type png)
<use images/PCB_Footprint.png>
Package pdftex.def Info: images/PCB_Footprint.png  used on input line 482.
(pdftex.def)             Requested size: 226.48395pt x 117.19359pt.

Package fancyhdr Warning: \headheight is too small (12.0pt): 
(fancyhdr)                Make it at least 14.49998pt, for example:
(fancyhdr)                \setlength{\headheight}{14.49998pt}.
(fancyhdr)                You might also make \topmargin smaller to compensate:
(fancyhdr)                \addtolength{\topmargin}{-2.49998pt}.

File: images/Metropolia_Logo.jpeg Graphic file (type jpg)
<use images/Metropolia_Logo.jpeg>
Package pdftex.def Info: images/Metropolia_Logo.jpeg  used on input line 485.
(pdftex.def)             Requested size: 56.9055pt x 56.90189pt.

Package fancyhdr Warning: \footskip is too small (30.0pt): 
(fancyhdr)                Make it at least 61.25192pt, for example:
(fancyhdr)                \setlength{\footskip}{61.25192pt}.

[17 <./images/BirdFeeder_Schematics.png>]

LaTeX Warning: `h' float specifier changed to `ht'.


LaTeX Warning: `h' float specifier changed to `ht'.


Package fancyhdr Warning: \headheight is too small (12.0pt): 
(fancyhdr)                Make it at least 14.49998pt, for example:
(fancyhdr)                \setlength{\headheight}{14.49998pt}.
(fancyhdr)                You might also make \topmargin smaller to compensate:
(fancyhdr)                \addtolength{\topmargin}{-2.49998pt}.

File: images/Metropolia_Logo.jpeg Graphic file (type jpg)
<use images/Metropolia_Logo.jpeg>
Package pdftex.def Info: images/Metropolia_Logo.jpeg  used on input line 490.
(pdftex.def)             Requested size: 56.9055pt x 56.90189pt.

Package fancyhdr Warning: \footskip is too small (30.0pt): 
(fancyhdr)                Make it at least 61.25192pt, for example:
(fancyhdr)                \setlength{\footskip}{61.25192pt}.

[18 <./images/MCU_Schematics.png> <./images/Solenoid_12VPower_VReg_Schematics.png>]
<images/class_diagram.png, id=344, 604.2575pt x 303.1325pt>
File: images/class_diagram.png Graphic file (type png)
<use images/class_diagram.png>
Package pdftex.def Info: images/class_diagram.png  used on input line 496.
(pdftex.def)             Requested size: 452.9679pt x 227.23781pt.


LaTeX Warning: `h' float specifier changed to `ht'.

<images/flowchart.png, id=345, 332.24126pt x 651.43375pt>
File: images/flowchart.png Graphic file (type png)
<use images/flowchart.png>
Package pdftex.def Info: images/flowchart.png  used on input line 503.
(pdftex.def)             Requested size: 226.48395pt x 444.07243pt.

LaTeX Warning: `h' float specifier changed to `ht'.


Package fancyhdr Warning: \headheight is too small (12.0pt): 
(fancyhdr)                Make it at least 14.49998pt, for example:
(fancyhdr)                \setlength{\headheight}{14.49998pt}.
(fancyhdr)                You might also make \topmargin smaller to compensate:
(fancyhdr)                \addtolength{\topmargin}{-2.49998pt}.

File: images/Metropolia_Logo.jpeg Graphic file (type jpg)
<use images/Metropolia_Logo.jpeg>
Package pdftex.def Info: images/Metropolia_Logo.jpeg  used on input line 509.
(pdftex.def)             Requested size: 56.9055pt x 56.90189pt.

Package fancyhdr Warning: \footskip is too small (30.0pt): 
(fancyhdr)                Make it at least 61.25192pt, for example:
(fancyhdr)                \setlength{\footskip}{61.25192pt}.

[19 <./images/Switch_schematics.png> <./images/PCB_3D.png>]

Package fancyhdr Warning: \headheight is too small (12.0pt): 
(fancyhdr)                Make it at least 14.49998pt, for example:
(fancyhdr)                \setlength{\headheight}{14.49998pt}.
(fancyhdr)                You might also make \topmargin smaller to compensate:
(fancyhdr)                \addtolength{\topmargin}{-2.49998pt}.

File: images/Metropolia_Logo.jpeg Graphic file (type jpg)
<use images/Metropolia_Logo.jpeg>
Package pdftex.def Info: images/Metropolia_Logo.jpeg  used on input line 512.
(pdftex.def)             Requested size: 56.9055pt x 56.90189pt.

Package fancyhdr Warning: \footskip is too small (30.0pt): 
(fancyhdr)                Make it at least 61.25192pt, for example:
(fancyhdr)                \setlength{\footskip}{61.25192pt}.

[20 <./images/PCB_Footprint.png> <./images/class_diagram.png>]
<images/UI_Home.png, id=363, 344.28625pt x 617.30624pt>
File: images/UI_Home.png Graphic file (type png)
<use images/UI_Home.png>
Package pdftex.def Info: images/UI_Home.png  used on input line 516.
(pdftex.def)             Requested size: 226.48395pt x 406.08583pt.


LaTeX Warning: `h' float specifier changed to `ht'.

<images/UI_Data.png, id=364, 342.27875pt x 617.30624pt>
File: images/UI_Data.png Graphic file (type png)
<use images/UI_Data.png>
Package pdftex.def Info: images/UI_Data.png  used on input line 522.
(pdftex.def)             Requested size: 226.48395pt x 408.47835pt.

LaTeX Warning: `h' float specifier changed to `ht'.


Package fancyhdr Warning: \headheight is too small (12.0pt): 
(fancyhdr)                Make it at least 14.49998pt, for example:
(fancyhdr)                \setlength{\headheight}{14.49998pt}.
(fancyhdr)                You might also make \topmargin smaller to compensate:
(fancyhdr)                \addtolength{\topmargin}{-2.49998pt}.

File: images/Metropolia_Logo.jpeg Graphic file (type jpg)
<use images/Metropolia_Logo.jpeg>
Package pdftex.def Info: images/Metropolia_Logo.jpeg  used on input line 531.
(pdftex.def)             Requested size: 56.9055pt x 56.90189pt.

Package fancyhdr Warning: \footskip is too small (30.0pt): 
(fancyhdr)                Make it at least 61.25192pt, for example:
(fancyhdr)                \setlength{\footskip}{61.25192pt}.

[21 <./images/flowchart.png>]

Package fancyhdr Warning: \headheight is too small (12.0pt): 
(fancyhdr)                Make it at least 14.49998pt, for example:
(fancyhdr)                \setlength{\headheight}{14.49998pt}.
(fancyhdr)                You might also make \topmargin smaller to compensate:
(fancyhdr)                \addtolength{\topmargin}{-2.49998pt}.

File: images/Metropolia_Logo.jpeg Graphic file (type jpg)
<use images/Metropolia_Logo.jpeg>
Package pdftex.def Info: images/Metropolia_Logo.jpeg  used on input line 537.
(pdftex.def)             Requested size: 56.9055pt x 56.90189pt.

Package fancyhdr Warning: \footskip is too small (30.0pt): 
(fancyhdr)                Make it at least 61.25192pt, for example:
(fancyhdr)                \setlength{\footskip}{61.25192pt}.

[22 <./images/UI_Home.png>]

Package fancyhdr Warning: \headheight is too small (12.0pt): 
(fancyhdr)                Make it at least 14.49998pt, for example:
(fancyhdr)                \setlength{\headheight}{14.49998pt}.
(fancyhdr)                You might also make \topmargin smaller to compensate:
(fancyhdr)                \addtolength{\topmargin}{-2.49998pt}.

File: images/Metropolia_Logo.jpeg Graphic file (type jpg)
<use images/Metropolia_Logo.jpeg>
Package pdftex.def Info: images/Metropolia_Logo.jpeg  used on input line 545.
(pdftex.def)             Requested size: 56.9055pt x 56.90189pt.

Package fancyhdr Warning: \footskip is too small (30.0pt): 
(fancyhdr)                Make it at least 61.25192pt, for example:
(fancyhdr)                \setlength{\footskip}{61.25192pt}.

[23 <./images/UI_Data.png>]

Package fancyhdr Warning: \headheight is too small (12.0pt): 
(fancyhdr)                Make it at least 14.49998pt, for example:
(fancyhdr)                \setlength{\headheight}{14.49998pt}.
(fancyhdr)                You might also make \topmargin smaller to compensate:
(fancyhdr)                \addtolength{\topmargin}{-2.49998pt}.

File: images/Metropolia_Logo.jpeg Graphic file (type jpg)
<use images/Metropolia_Logo.jpeg>
Package pdftex.def Info: images/Metropolia_Logo.jpeg  used on input line 576.
(pdftex.def)             Requested size: 56.9055pt x 56.90189pt.

Package fancyhdr Warning: \footskip is too small (30.0pt): 
(fancyhdr)                Make it at least 61.25192pt, for example:
(fancyhdr)                \setlength{\footskip}{61.25192pt}.

[24]
Underfull \hbox (badness 1472) in paragraph at lines 585--587
[]\OT1/cmr/m/n/12 Squirrel Re-ac-tion Times? - Air-guns & Guns Fo-rum. (n.d.). []$\OT1/cmtt/m/n/12 https : / / www .
 []


Underfull \hbox (badness 4739) in paragraph at lines 596--598
[]\OT1/cmr/m/n/12 Wikipedia con-trib-u-tors. (2024a, April 8). Ki-Cad. Wikipedia. []$\OT1/cmtt/m/n/12 https : / / en .
 []


Underfull \hbox (badness 10000) in paragraph at lines 620--622
[]\OT1/cmr/m/n/12 LoRa transceiver Mod-ule: LAMBDA68 - RF 868MHz, SUR-FACE
 []


Underfull \hbox (badness 10000) in paragraph at lines 620--622
\OT1/cmr/m/n/12 MOUNT, 20KM+ RANGE. (n.d.). Ra-dio Mod-ules From RF So-
 []


Underfull \hbox (badness 10000) in paragraph at lines 620--622
\OT1/cmr/m/n/12 lu-tions UK. []$\OT1/cmtt/m/n/12 https : / / www . rfsolutions . co . uk / radio-[]modules-[]c10 /
 []


Overfull \hbox (14.90991pt too wide) in paragraph at lines 620--622
\OT1/cmtt/m/n/12 lambda68-[]rf-[]lora-[]transceiver-[]module-[]868mhz-[]surface-[]mount-[]20km-[]range-[]p972$[] 
 []


Underfull \hbox (badness 10000) in paragraph at lines 624--626
\OT1/cmr/m/n/12 Elec-tron-ics. []$\OT1/cmtt/m/n/12 https : / / www . mouser . com / ProductDetail / ROHM-[]Semiconductor /
 []


Package fancyhdr Warning: \headheight is too small (12.0pt): 
(fancyhdr)                Make it at least 14.49998pt, for example:
(fancyhdr)                \setlength{\headheight}{14.49998pt}.
(fancyhdr)                You might also make \topmargin smaller to compensate:
(fancyhdr)                \addtolength{\topmargin}{-2.49998pt}.

File: images/Metropolia_Logo.jpeg Graphic file (type jpg)
<use images/Metropolia_Logo.jpeg>
Package pdftex.def Info: images/Metropolia_Logo.jpeg  used on input line 638.
(pdftex.def)             Requested size: 56.9055pt x 56.90189pt.

Package fancyhdr Warning: \footskip is too small (30.0pt): 
(fancyhdr)                Make it at least 61.25192pt, for example:
(fancyhdr)                \setlength{\footskip}{61.25192pt}.

[25]

Package fancyhdr Warning: \headheight is too small (12.0pt): 
(fancyhdr)                Make it at least 14.49998pt, for example:
(fancyhdr)                \setlength{\headheight}{14.49998pt}.
(fancyhdr)                You might also make \topmargin smaller to compensate:
(fancyhdr)                \addtolength{\topmargin}{-2.49998pt}.

File: images/Metropolia_Logo.jpeg Graphic file (type jpg)
<use images/Metropolia_Logo.jpeg>
Package pdftex.def Info: images/Metropolia_Logo.jpeg  used on input line 638.
(pdftex.def)             Requested size: 56.9055pt x 56.90189pt.

Package fancyhdr Warning: \footskip is too small (30.0pt): 
(fancyhdr)                Make it at least 61.25192pt, for example:
(fancyhdr)                \setlength{\footskip}{61.25192pt}.

[26] (./main.aux)
 ***********
LaTeX2e <2023-11-01> patch level 1
L3 programming layer <2024-02-20>
 ***********


LaTeX Warning: There were undefined references.


LaTeX Warning: There were multiply-defined labels.

Package rerunfilecheck Info: File `main.out' has not changed.
(rerunfilecheck)             Checksum: 76BE18C1122E15F62F259C3957934EE0;4776.
 ) 
Here is how much of TeX's memory you used:
 10053 strings out of 474116
 156375 string characters out of 5743681
 1942187 words of memory out of 5000000
 32200 multiletter control sequences out of 15000+600000
 565752 words of font info for 62 fonts, out of 8000000 for 9000
 1141 hyphenation exceptions out of 8191
 75i,14n,79p,1421b,517s stack positions out of 10000i,1000n,20000p,200000b,200000s
</usr/local/texlive/2024/texmf-dist/fonts/type1/public/amsfonts/cm/cmbx10.pfb></usr/local/texlive/2024/texmf-dist/fonts/type1/public/amsfonts/cm/cmbx12.pfb></usr/local/texlive/2024/texmf-dist/fonts/type1/public/amsfonts/cm/cmr10.pfb></usr/local/texlive/2024/texmf-dist/fonts/type1/public/amsfonts/cm/cmr12.pfb></usr/local/texlive/2024/texmf-dist/fonts/type1/public/amsfonts/cm/cmsy10.pfb></usr/local/texlive/2024/texmf-dist/fonts/type1/public/amsfonts/cm/cmti12.pfb></usr/local/texlive/2024/texmf-dist/fonts/type1/public/amsfonts/cm/cmtt12.pfb></usr/local/texlive/2024/texmf-dist/fonts/type1/public/cm-super/sfbx1200.pfb></usr/local/texlive/2024/texmf-dist/fonts/type1/public/cm-super/sfrm1200.pfb>
Output written on main.pdf (27 pages, 1906629 bytes).
PDF statistics:
 489 PDF objects out of 1000 (max. 8388607)
 399 compressed objects within 4 object streams
 107 named destinations out of 1000 (max. 500000)
 381 words of extra memory for PDF output out of 10000 (max. 10000000)

